#-----------------------------------------------------------
# Vivado v2019.1 (64-bit)
# SW Build 2552052 on Fri May 24 14:49:42 MDT 2019
# IP Build 2548770 on Fri May 24 18:01:18 MDT 2019
# Start of session at: Mon Jan 12 11:26:54 2026
# Process ID: 8528
# Current directory: D:/Lily_Files/微机原理与嵌入式系统实验课程资料_Tch_v0.3/source/S86_project/lab3_8254/lab3_8254
# Command line: vivado.exe -gui_launcher_event rodinguilauncherevent15276 D:\Lily_Files\微机原理与嵌入式系统实验课程资料_Tch_v0.3\source\S86_project\lab3_8254\lab3_8254\lab3_8254.xpr
# Log file: D:/Lily_Files/微机原理与嵌入式系统实验课程资料_Tch_v0.3/source/S86_project/lab3_8254/lab3_8254/vivado.log
# Journal file: D:/Lily_Files/微机原理与嵌入式系统实验课程资料_Tch_v0.3/source/S86_project/lab3_8254/lab3_8254\vivado.jou
#-----------------------------------------------------------
start_gui
open_project D:/Lily_Files/微机原理与嵌入式系统实验课程资料_Tch_v0.3/source/S86_project/lab3_8254/lab3_8254/lab3_8254.xpr
INFO: [ProjectBase 1-489] The host OS only allows 260 characters in a normal path. The project is stored in a path with more than 80 characters. If you experience issues with IP, Block Designs, or files not being found, please consider moving the project to a location with a shorter path. Alternately consider using the OS subst command to map part of the path to a drive letter.
Current project path is 'D:/Lily_Files/微机原理与嵌入式系统实验课程资料_Tch_v0.3/source/S86_project/lab3_8254/lab3_8254'
INFO: [Project 1-313] Project file moved from 'C:/Users/lily/Desktop/stu_workspace/lab3_8254_3' since last save.
WARNING: [Project 1-312] File not found as 'D:/Lily_Files/微机原理与嵌入式系统实验课程资料_Tch_v0.3/source/S86_project/lab3_8254/3_4.coe'; using path 'C:/Users/lily/Desktop/stu_workspace/3_4.coe' instead.
Scanning sources...
Finished scanning sources
WARNING: [Project 1-312] File not found as 'D:/Lily_Files/微机原理与嵌入式系统实验课程资料_Tch_v0.3/source/S86_project/lab3_8254/3_4.coe'; using path 'C:/Users/lily/Desktop/stu_workspace/3_4.coe' instead.
WARNING: [Project 1-312] File not found as 'D:/Lily_Files/微机原理与嵌入式系统实验课程资料_Tch_v0.3/source/S86_project/lab3_8254/3_4.coe'; using path 'C:/Users/lily/Desktop/stu_workspace/3_4.coe' instead.
INFO: [filemgmt 56-1] IP Repository Path: Directory not found as 'D:/Lily_Files/微机原理与嵌入式系统实验课程资料_Tch_v0.3/source/S86_project/lab3_8254/lab1_io/lab1_io.srcs/sources_1/new/S86_ip'; using path 'C:/Users/lily/Desktop/stu_workspace/lab1_io/lab1_io.srcs/sources_1/new/S86_ip' instead.
INFO: [IP_Flow 19-234] Refreshing IP repositories
INFO: [IP_Flow 19-1700] Loaded user IP repository 'c:/Users/lily/Desktop/stu_workspace/lab1_io/lab1_io.srcs/sources_1/new/S86_ip'.
INFO: [IP_Flow 19-2313] Loaded Vivado IP repository 'D:/LenovoSoftstore/Vivado2019/Vivado/2019.1/data/ip'.
WARNING: [IP_Flow 19-2162] IP 'Decoder_0' is locked:
* IP definition 'Decoder (1.0)' for IP 'Decoder_0' (customized with software release 2015.4) was not found in the IP Catalog. * Current project part 'xc7z020clg484-1' and the part 'xc7a100tfgg484-1' used to customize the IP 'Decoder_0' do not match.
open_project: Time (s): cpu = 00:00:17 ; elapsed = 00:00:06 . Memory (MB): peak = 802.578 ; gain = 154.027
update_compile_order -fileset sources_1
export_ip_user_files -of_objects  [get_files d:/Lily_Files/微机原理与嵌入式系统实验课程资料_Tch_v0.3/source/S86_project/lab3_8254/3_4.coe] -no_script -reset -force -quiet
remove_files  d:/Lily_Files/微机原理与嵌入式系统实验课程资料_Tch_v0.3/source/S86_project/lab3_8254/3_4.coe
export_ip_user_files -of_objects  [get_files C:/Users/lily/Desktop/stu_workspace/3_4.coe] -no_script -reset -force -quiet
remove_files  C:/Users/lily/Desktop/stu_workspace/3_4.coe
exit
INFO: [Common 17-206] Exiting Vivado at Mon Jan 12 11:28:30 2026...
