#-----------------------------------------------------------
# Vivado v2019.1 (64-bit)
# SW Build 2552052 on Fri May 24 14:49:42 MDT 2019
# IP Build 2548770 on Fri May 24 18:01:18 MDT 2019
# Start of session at: Fri Jan  9 20:31:37 2026
# Process ID: 22180
# Current directory: C:/Users/lily/Desktop/stu_workspace/lab3_8254_3
# Command line: vivado.exe -gui_launcher_event rodinguilauncherevent27764 C:\Users\lily\Desktop\stu_workspace\lab3_8254_3\lab3_8254.xpr
# Log file: C:/Users/lily/Desktop/stu_workspace/lab3_8254_3/vivado.log
# Journal file: C:/Users/lily/Desktop/stu_workspace/lab3_8254_3\vivado.jou
#-----------------------------------------------------------
start_gui
open_project C:/Users/lily/Desktop/stu_workspace/lab3_8254_3/lab3_8254.xpr
Scanning sources...
Finished scanning sources
INFO: [IP_Flow 19-234] Refreshing IP repositories
INFO: [IP_Flow 19-1700] Loaded user IP repository 'c:/Users/lily/Desktop/stu_workspace/lab1_io/lab1_io.srcs/sources_1/new/S86_ip'.
INFO: [IP_Flow 19-2313] Loaded Vivado IP repository 'D:/LenovoSoftstore/Vivado2019/Vivado/2019.1/data/ip'.
WARNING: [IP_Flow 19-2162] IP 'Decoder_0' is locked:
* IP definition 'Decoder (1.0)' for IP 'Decoder_0' (customized with software release 2015.4) was not found in the IP Catalog. * Current project part 'xc7z020clg484-1' and the part 'xc7a100tfgg484-1' used to customize the IP 'Decoder_0' do not match.
update_compile_order -fileset sources_1
WARNING: [IP_Flow 19-4067] Ignoring invalid widget type specified checkbox.Providing a default widget
WARNING: [IP_Flow 19-4067] Ignoring invalid widget type specified checkbox.Providing a default widget
INFO: [IP_Flow 19-3484] Absolute path of file 'c:/Users/lily/Desktop/stu_workspace/3_4.coe' provided. It will be converted relative to IP Instance files '../../../../../3_4.coe'
set_property -dict [list CONFIG.Coe_File {C:/Users/lily/Desktop/stu_workspace/3_4.coe}] [get_ips bios_ram]
INFO: [IP_Flow 19-3484] Absolute path of file 'c:/Users/lily/Desktop/stu_workspace/3_4.coe' provided. It will be converted relative to IP Instance files '../../../../../3_4.coe'
reset_run synth_1
launch_runs impl_1 -to_step write_bitstream -jobs 11
WARNING: [Vivado 12-4801] The synthesis checkpoint for IP 'C:/Users/lily/Desktop/stu_workspace/lab3_8254_3/lab3_8254.srcs/sources_1/new/rtl_up/Decoder_0/Decoder_0.xci' is available but stale and the IP is locked. An out-of-context (OOC) run will be created and/or launched, but synthesis may not be able to complete or could result in incorrect behavior.
Please select 'Report IP Status' from the 'Tools/Report' menu or run Tcl command 'report_ip_status' for more information.
WARNING: [Runs 36-337] The following IPs are either missing output products or output products are not up-to-date for Synthesis target. Since these IPs are locked, no update to the output products can be done. 
Please select 'Report IP Status' from the 'Tools/Report' menu or run Tcl command 'report_ip_status' for more information.
C:/Users/lily/Desktop/stu_workspace/lab3_8254_3/lab3_8254.srcs/sources_1/new/rtl_up/Decoder_0/Decoder_0.xci

WARNING: [Runs 36-337] The following IPs are either missing output products or output products are not up-to-date for Implementation target. Since these IPs are locked, no update to the output products can be done. 
Please select 'Report IP Status' from the 'Tools/Report' menu or run Tcl command 'report_ip_status' for more information.
C:/Users/lily/Desktop/stu_workspace/lab3_8254_3/lab3_8254.srcs/sources_1/new/rtl_up/Decoder_0/Decoder_0.xci

[Fri Jan  9 20:34:06 2026] Launched synth_1...
Run output will be captured here: C:/Users/lily/Desktop/stu_workspace/lab3_8254_3/lab3_8254.runs/synth_1/runme.log
[Fri Jan  9 20:34:06 2026] Launched impl_1...
Run output will be captured here: C:/Users/lily/Desktop/stu_workspace/lab3_8254_3/lab3_8254.runs/impl_1/runme.log
open_hw
connect_hw_server
INFO: [Labtools 27-2285] Connecting to hw_server url TCP:localhost:3121
INFO: [Labtools 27-2222] Launching hw_server...
INFO: [Labtools 27-2221] Launch Output:

****** Xilinx hw_server v2019.1
  **** Build date : May 24 2019 at 15:13:31
    ** Copyright 1986-2019 Xilinx, Inc. All Rights Reserved.


open_hw_target
INFO: [Labtoolstcl 44-466] Opening hw_target localhost:3121/xilinx_tcf/Xilinx/1234-tulA
set_property PROGRAM.FILE {C:/Users/lily/Desktop/stu_workspace/lab3_8254_3/lab3_8254.runs/impl_1/S86_top.bit} [get_hw_devices xc7z020_1]
current_hw_device [get_hw_devices xc7z020_1]
refresh_hw_device -update_hw_probes false [lindex [get_hw_devices xc7z020_1] 0]
INFO: [Labtools 27-1434] Device xc7z020 (JTAG device index = 1) is programmed with a design that has no supported debug core(s) in it.
set_property PROBES.FILE {} [get_hw_devices xc7z020_1]
set_property FULL_PROBES.FILE {} [get_hw_devices xc7z020_1]
set_property PROGRAM.FILE {C:/Users/lily/Desktop/stu_workspace/lab3_8254_3/lab3_8254.runs/impl_1/S86_top.bit} [get_hw_devices xc7z020_1]
program_hw_devices [get_hw_devices xc7z020_1]
INFO: [Labtools 27-3164] End of startup status: HIGH
refresh_hw_device [lindex [get_hw_devices xc7z020_1] 0]
INFO: [Labtools 27-1434] Device xc7z020 (JTAG device index = 1) is programmed with a design that has no supported debug core(s) in it.
reset_run synth_1
WARNING: [Vivado 12-1017] Problems encountered:
1. Failed to delete one or more files in run directory C:/Users/lily/Desktop/stu_workspace/lab3_8254_3/lab3_8254.runs/synth_1

launch_runs impl_1 -to_step write_bitstream -jobs 11
WARNING: [Vivado 12-4801] The synthesis checkpoint for IP 'C:/Users/lily/Desktop/stu_workspace/lab3_8254_3/lab3_8254.srcs/sources_1/new/rtl_up/Decoder_0/Decoder_0.xci' is available but stale and the IP is locked. An out-of-context (OOC) run will be created and/or launched, but synthesis may not be able to complete or could result in incorrect behavior.
Please select 'Report IP Status' from the 'Tools/Report' menu or run Tcl command 'report_ip_status' for more information.
WARNING: [Runs 36-337] The following IPs are either missing output products or output products are not up-to-date for Synthesis target. Since these IPs are locked, no update to the output products can be done. 
Please select 'Report IP Status' from the 'Tools/Report' menu or run Tcl command 'report_ip_status' for more information.
C:/Users/lily/Desktop/stu_workspace/lab3_8254_3/lab3_8254.srcs/sources_1/new/rtl_up/Decoder_0/Decoder_0.xci

WARNING: [Runs 36-337] The following IPs are either missing output products or output products are not up-to-date for Implementation target. Since these IPs are locked, no update to the output products can be done. 
Please select 'Report IP Status' from the 'Tools/Report' menu or run Tcl command 'report_ip_status' for more information.
C:/Users/lily/Desktop/stu_workspace/lab3_8254_3/lab3_8254.srcs/sources_1/new/rtl_up/Decoder_0/Decoder_0.xci

[Fri Jan  9 20:39:33 2026] Launched synth_1...
Run output will be captured here: C:/Users/lily/Desktop/stu_workspace/lab3_8254_3/lab3_8254.runs/synth_1/runme.log
[Fri Jan  9 20:39:33 2026] Launched impl_1...
Run output will be captured here: C:/Users/lily/Desktop/stu_workspace/lab3_8254_3/lab3_8254.runs/impl_1/runme.log
open_run impl_1
INFO: [Device 21-403] Loading part xc7z020clg484-1
INFO: [Netlist 29-17] Analyzing 471 Unisim elements for replacement
INFO: [Netlist 29-28] Unisim Transformation completed in 1 CPU seconds
INFO: [Project 1-479] Netlist was created with Vivado 2019.1
INFO: [Project 1-570] Preparing netlist for logic optimization
INFO: [Timing 38-478] Restoring timing data from binary archive.
INFO: [Timing 38-479] Binary timing data restore complete.
INFO: [Project 1-856] Restoring constraints from binary archive.
INFO: [Project 1-853] Binary constraint restore complete.
Reading XDEF placement.
Reading placer database...
Reading XDEF routing.
INFO: [Common 17-41] Interrupt caught. Command should exit soon.
Read XDEF File: Time (s): cpu = 00:00:00 ; elapsed = 00:00:00.299 . Memory (MB): peak = 3029.352 ; gain = 0.000
Restored from archive | CPU: 0.000000 secs | Memory: 0.000000 MB |
Finished XDEF File Restore: Time (s): cpu = 00:00:00 ; elapsed = 00:00:00.299 . Memory (MB): peak = 3029.352 ; gain = 0.000
open_run: Time (s): cpu = 00:00:13 ; elapsed = 00:00:14 . Memory (MB): peak = 3029.352 ; gain = 887.090
INFO: [Common 17-344] 'open_run' was cancelled
reset_run synth_1
WARNING: [Vivado 12-1017] Problems encountered:
1. Failed to delete one or more files in run directory C:/Users/lily/Desktop/stu_workspace/lab3_8254_3/lab3_8254.runs/synth_1

launch_runs impl_1 -to_step write_bitstream -jobs 11
WARNING: [Vivado 12-4801] The synthesis checkpoint for IP 'C:/Users/lily/Desktop/stu_workspace/lab3_8254_3/lab3_8254.srcs/sources_1/new/rtl_up/Decoder_0/Decoder_0.xci' is available but stale and the IP is locked. An out-of-context (OOC) run will be created and/or launched, but synthesis may not be able to complete or could result in incorrect behavior.
Please select 'Report IP Status' from the 'Tools/Report' menu or run Tcl command 'report_ip_status' for more information.
WARNING: [Runs 36-337] The following IPs are either missing output products or output products are not up-to-date for Synthesis target. Since these IPs are locked, no update to the output products can be done. 
Please select 'Report IP Status' from the 'Tools/Report' menu or run Tcl command 'report_ip_status' for more information.
C:/Users/lily/Desktop/stu_workspace/lab3_8254_3/lab3_8254.srcs/sources_1/new/rtl_up/Decoder_0/Decoder_0.xci

WARNING: [Runs 36-337] The following IPs are either missing output products or output products are not up-to-date for Implementation target. Since these IPs are locked, no update to the output products can be done. 
Please select 'Report IP Status' from the 'Tools/Report' menu or run Tcl command 'report_ip_status' for more information.
C:/Users/lily/Desktop/stu_workspace/lab3_8254_3/lab3_8254.srcs/sources_1/new/rtl_up/Decoder_0/Decoder_0.xci

[Fri Jan  9 20:42:52 2026] Launched synth_1...
Run output will be captured here: C:/Users/lily/Desktop/stu_workspace/lab3_8254_3/lab3_8254.runs/synth_1/runme.log
[Fri Jan  9 20:42:52 2026] Launched impl_1...
Run output will be captured here: C:/Users/lily/Desktop/stu_workspace/lab3_8254_3/lab3_8254.runs/impl_1/runme.log
set_property PROBES.FILE {} [get_hw_devices xc7z020_1]
set_property FULL_PROBES.FILE {} [get_hw_devices xc7z020_1]
set_property PROGRAM.FILE {C:/Users/lily/Desktop/stu_workspace/lab3_8254_3/lab3_8254.runs/impl_1/S86_top.bit} [get_hw_devices xc7z020_1]
program_hw_devices [get_hw_devices xc7z020_1]
INFO: [Labtools 27-3164] End of startup status: HIGH
refresh_hw_device [lindex [get_hw_devices xc7z020_1] 0]
INFO: [Labtools 27-1434] Device xc7z020 (JTAG device index = 1) is programmed with a design that has no supported debug core(s) in it.
exit
INFO: [Common 17-206] Exiting Vivado at Fri Jan  9 20:46:38 2026...
