#-----------------------------------------------------------
# Vivado v2019.1 (64-bit)
# SW Build 2552052 on Fri May 24 14:49:42 MDT 2019
# IP Build 2548770 on Fri May 24 18:01:18 MDT 2019
# Start of session at: Tue May 19 14:28:55 2026
# Process ID: 10632
# Current directory: C:/Users/lily/Desktop/资料_stu/微机原理与嵌入式系统实验课程资料_stu/source/S86_project/lab3_8254/lab3_8254
# Command line: vivado.exe -gui_launcher_event rodinguilauncherevent22404 C:\Users\lily\Desktop\资料_stu\微机原理与嵌入式系统实验课程资料_stu\source\S86_project\lab3_8254\lab3_8254\lab3_8254.xpr
# Log file: C:/Users/lily/Desktop/资料_stu/微机原理与嵌入式系统实验课程资料_stu/source/S86_project/lab3_8254/lab3_8254/vivado.log
# Journal file: C:/Users/lily/Desktop/资料_stu/微机原理与嵌入式系统实验课程资料_stu/source/S86_project/lab3_8254/lab3_8254\vivado.jou
#-----------------------------------------------------------
start_gui
open_project C:/Users/lily/Desktop/资料_stu/微机原理与嵌入式系统实验课程资料_stu/source/S86_project/lab3_8254/lab3_8254/lab3_8254.xpr
INFO: [ProjectBase 1-489] The host OS only allows 260 characters in a normal path. The project is stored in a path with more than 80 characters. If you experience issues with IP, Block Designs, or files not being found, please consider moving the project to a location with a shorter path. Alternately consider using the OS subst command to map part of the path to a drive letter.
Current project path is 'C:/Users/lily/Desktop/资料_stu/微机原理与嵌入式系统实验课程资料_stu/source/S86_project/lab3_8254/lab3_8254'
CRITICAL WARNING: [Project 1-19] Could not find the file 'C:/Users/lily/Desktop/资料_stu/微机原理与嵌入式系统实验课程资料_stu/source/S86_project/lab3_8254/3_4.coe'.
Scanning sources...
Finished scanning sources
INFO: [IP_Flow 19-234] Refreshing IP repositories
INFO: [IP_Flow 19-1700] Loaded user IP repository 'c:/Users/lily/Desktop/stu_workspace/lab1_io/lab1_io.srcs/sources_1/new/S86_ip'.
INFO: [IP_Flow 19-2313] Loaded Vivado IP repository 'D:/LenovoSoftstore/Vivado2019/Vivado/2019.1/data/ip'.
WARNING: [IP_Flow 19-2162] IP 'Decoder_0' is locked:
* IP definition 'Decoder (1.0)' for IP 'Decoder_0' (customized with software release 2015.4) was not found in the IP Catalog. * Current project part 'xc7z020clg484-1' and the part 'xc7a100tfgg484-1' used to customize the IP 'Decoder_0' do not match.
open_project: Time (s): cpu = 00:00:32 ; elapsed = 00:00:16 . Memory (MB): peak = 767.230 ; gain = 78.391
update_compile_order -fileset sources_1
exit
INFO: [Common 17-206] Exiting Vivado at Tue May 19 16:18:55 2026...
