#-----------------------------------------------------------
# Vivado v2019.1 (64-bit)
# SW Build 2552052 on Fri May 24 14:49:42 MDT 2019
# IP Build 2548770 on Fri May 24 18:01:18 MDT 2019
# Start of session at: Thu May 21 15:25:34 2026
# Process ID: 24552
# Current directory: C:/Users/lily/Desktop/123/lab3_8254/lab3_8254
# Command line: vivado.exe -gui_launcher_event rodinguilauncherevent16244 C:\Users\lily\Desktop\123\lab3_8254\lab3_8254\lab3_8254.xpr
# Log file: C:/Users/lily/Desktop/123/lab3_8254/lab3_8254/vivado.log
# Journal file: C:/Users/lily/Desktop/123/lab3_8254/lab3_8254\vivado.jou
#-----------------------------------------------------------
start_gui
open_project C:/Users/lily/Desktop/123/lab3_8254/lab3_8254/lab3_8254.xpr
Scanning sources...
Finished scanning sources
INFO: [IP_Flow 19-234] Refreshing IP repositories
INFO: [IP_Flow 19-1700] Loaded user IP repository 'c:/Users/lily/Desktop/stu_workspace/lab1_io/lab1_io.srcs/sources_1/new/S86_ip'.
INFO: [IP_Flow 19-2313] Loaded Vivado IP repository 'D:/LenovoSoftstore/Vivado2019/Vivado/2019.1/data/ip'.
WARNING: [IP_Flow 19-2162] IP 'Decoder_0' is locked:
* IP definition 'Decoder (1.0)' for IP 'Decoder_0' (customized with software release 2015.4) was not found in the IP Catalog. * Current project part 'xc7z020clg484-1' and the part 'xc7a100tfgg484-1' used to customize the IP 'Decoder_0' do not match.
open_hw
connect_hw_server
INFO: [Labtools 27-2285] Connecting to hw_server url TCP:localhost:3121
INFO: [Labtools 27-2222] Launching hw_server...
INFO: [Labtools 27-2221] Launch Output:

****** Xilinx hw_server v2019.1
  **** Build date : May 24 2019 at 15:13:31
    ** Copyright 1986-2019 Xilinx, Inc. All Rights Reserved.


open_hw_target
INFO: [Labtoolstcl 44-466] Opening hw_target localhost:3121/xilinx_tcf/Xilinx/1234-tulA
set_property PROGRAM.FILE {C:/Users/lily/Desktop/123/lab3_8254/lab3_8254/lab3_8254.runs/impl_1/S86_top.bit} [get_hw_devices xc7z020_1]
current_hw_device [get_hw_devices xc7z020_1]
refresh_hw_device -update_hw_probes false [lindex [get_hw_devices xc7z020_1] 0]
INFO: [Labtools 27-1435] Device xc7z020 (JTAG device index = 1) is not programmed (DONE status = 0).
update_compile_order -fileset sources_1
set_property PROBES.FILE {} [get_hw_devices xc7z020_1]
set_property FULL_PROBES.FILE {} [get_hw_devices xc7z020_1]
set_property PROGRAM.FILE {C:/Users/lily/Desktop/123/lab3_8254/lab3_8254/lab3_8254.runs/impl_1/S86_top.bit} [get_hw_devices xc7z020_1]
program_hw_devices [get_hw_devices xc7z020_1]
INFO: [Labtools 27-3164] End of startup status: HIGH
refresh_hw_device [lindex [get_hw_devices xc7z020_1] 0]
INFO: [Labtools 27-1434] Device xc7z020 (JTAG device index = 1) is programmed with a design that has no supported debug core(s) in it.
close_hw
WARNING: [IP_Flow 19-4067] Ignoring invalid widget type specified checkbox.Providing a default widget
WARNING: [IP_Flow 19-4067] Ignoring invalid widget type specified checkbox.Providing a default widget
INFO: [IP_Flow 19-3484] Absolute path of file 'c:/Users/lily/Desktop/123/lab3_3.coe' provided. It will be converted relative to IP Instance files '../../../../../../lab3_3.coe'
set_property -dict [list CONFIG.Coe_File {C:/Users/lily/Desktop/123/lab3_3.coe}] [get_ips bios_ram]
INFO: [IP_Flow 19-3484] Absolute path of file 'c:/Users/lily/Desktop/123/lab3_3.coe' provided. It will be converted relative to IP Instance files '../../../../../../lab3_3.coe'
generate_target all [get_files  C:/Users/lily/Desktop/123/lab3_8254/lab3_8254/lab3_8254.srcs/sources_1/ip/bios_ram/bios_ram.xci]
INFO: [IP_Flow 19-1686] Generating 'Instantiation Template' target for IP 'bios_ram'...
INFO: [IP_Flow 19-1686] Generating 'Synthesis' target for IP 'bios_ram'...
INFO: [IP_Flow 19-1686] Generating 'Simulation' target for IP 'bios_ram'...
INFO: [IP_Flow 19-1686] Generating 'Miscellaneous' target for IP 'bios_ram'...
INFO: [IP_Flow 19-1686] Generating 'Change Log' target for IP 'bios_ram'...
catch { config_ip_cache -export [get_ips -all bios_ram] }
INFO: [IP_Flow 19-4993] Using cached IP synthesis design for IP bios_ram, cache-ID = 052491611aa96ad9; cache size = 61.999 MB.
catch { [ delete_ip_run [get_ips -all bios_ram] ] }
WARNING: [Vivado 12-1017] Problems encountered:
1. Failed to delete one or more files in run directory C:/Users/lily/Desktop/123/lab3_8254/lab3_8254/lab3_8254.runs/bios_ram_synth_1

INFO: [Project 1-386] Moving file 'C:/Users/lily/Desktop/123/lab3_8254/lab3_8254/lab3_8254.srcs/sources_1/ip/bios_ram/bios_ram.xci' from fileset 'bios_ram' to fileset 'sources_1'.
export_ip_user_files -of_objects [get_files C:/Users/lily/Desktop/123/lab3_8254/lab3_8254/lab3_8254.srcs/sources_1/ip/bios_ram/bios_ram.xci] -no_script -sync -force -quiet
create_ip_run [get_files -of_objects [get_fileset sources_1] C:/Users/lily/Desktop/123/lab3_8254/lab3_8254/lab3_8254.srcs/sources_1/ip/bios_ram/bios_ram.xci]
INFO: [Vivado 12-3453] The given sub-design is up-to-date, no action was taken.  If a run is still desired, use the '-force' option for the file:'C:/Users/lily/Desktop/123/lab3_8254/lab3_8254/lab3_8254.srcs/sources_1/ip/bios_ram/bios_ram.xci'
export_simulation -of_objects [get_files C:/Users/lily/Desktop/123/lab3_8254/lab3_8254/lab3_8254.srcs/sources_1/ip/bios_ram/bios_ram.xci] -directory C:/Users/lily/Desktop/123/lab3_8254/lab3_8254/lab3_8254.ip_user_files/sim_scripts -ip_user_files_dir C:/Users/lily/Desktop/123/lab3_8254/lab3_8254/lab3_8254.ip_user_files -ipstatic_source_dir C:/Users/lily/Desktop/123/lab3_8254/lab3_8254/lab3_8254.ip_user_files/ipstatic -lib_map_path [list {modelsim=C:/Users/lily/Desktop/123/lab3_8254/lab3_8254/lab3_8254.cache/compile_simlib/modelsim} {questa=C:/Users/lily/Desktop/123/lab3_8254/lab3_8254/lab3_8254.cache/compile_simlib/questa} {riviera=C:/Users/lily/Desktop/123/lab3_8254/lab3_8254/lab3_8254.cache/compile_simlib/riviera} {activehdl=C:/Users/lily/Desktop/123/lab3_8254/lab3_8254/lab3_8254.cache/compile_simlib/activehdl}] -use_ip_compiled_libs -force -quiet
update_compile_order -fileset sources_1
export_ip_user_files -of_objects  [get_files C:/Users/lily/Desktop/123/lab3_4.coe] -no_script -reset -force -quiet
remove_files  C:/Users/lily/Desktop/123/lab3_4.coe
reset_run synth_1
WARNING: [Vivado 12-1017] Problems encountered:
1. Failed to delete one or more files in run directory C:/Users/lily/Desktop/123/lab3_8254/lab3_8254/lab3_8254.runs/synth_1

launch_runs impl_1 -to_step write_bitstream -jobs 11
INFO: [Vivado 12-4149] The synthesis checkpoint for IP 'C:/Users/lily/Desktop/123/lab3_8254/lab3_8254/lab3_8254.srcs/sources_1/ip/bios_ram/bios_ram.xci' is already up-to-date
WARNING: [Vivado 12-4801] The synthesis checkpoint for IP 'C:/Users/lily/Desktop/123/lab3_8254/lab3_8254/lab3_8254.srcs/sources_1/new/rtl_up/Decoder_0/Decoder_0.xci' is available but stale and the IP is locked. An out-of-context (OOC) run will be created and/or launched, but synthesis may not be able to complete or could result in incorrect behavior.
Please select 'Report IP Status' from the 'Tools/Report' menu or run Tcl command 'report_ip_status' for more information.
WARNING: [Runs 36-337] The following IPs are either missing output products or output products are not up-to-date for Synthesis target. Since these IPs are locked, no update to the output products can be done. 
Please select 'Report IP Status' from the 'Tools/Report' menu or run Tcl command 'report_ip_status' for more information.
C:/Users/lily/Desktop/123/lab3_8254/lab3_8254/lab3_8254.srcs/sources_1/new/rtl_up/Decoder_0/Decoder_0.xci

WARNING: [Runs 36-337] The following IPs are either missing output products or output products are not up-to-date for Implementation target. Since these IPs are locked, no update to the output products can be done. 
Please select 'Report IP Status' from the 'Tools/Report' menu or run Tcl command 'report_ip_status' for more information.
C:/Users/lily/Desktop/123/lab3_8254/lab3_8254/lab3_8254.srcs/sources_1/new/rtl_up/Decoder_0/Decoder_0.xci

[Thu May 21 15:27:26 2026] Launched synth_1...
Run output will be captured here: C:/Users/lily/Desktop/123/lab3_8254/lab3_8254/lab3_8254.runs/synth_1/runme.log
[Thu May 21 15:27:26 2026] Launched impl_1...
Run output will be captured here: C:/Users/lily/Desktop/123/lab3_8254/lab3_8254/lab3_8254.runs/impl_1/runme.log
open_hw
connect_hw_server
INFO: [Labtools 27-2285] Connecting to hw_server url TCP:localhost:3121
INFO: [Labtools 27-2222] Launching hw_server...
INFO: [Labtools 27-2221] Launch Output:

****** Xilinx hw_server v2019.1
  **** Build date : May 24 2019 at 15:13:31
    ** Copyright 1986-2019 Xilinx, Inc. All Rights Reserved.


open_hw_target
INFO: [Labtoolstcl 44-466] Opening hw_target localhost:3121/xilinx_tcf/Xilinx/1234-tulA
set_property PROGRAM.FILE {C:/Users/lily/Desktop/123/lab3_8254/lab3_8254/lab3_8254.runs/impl_1/S86_top.bit} [get_hw_devices xc7z020_1]
current_hw_device [get_hw_devices xc7z020_1]
refresh_hw_device -update_hw_probes false [lindex [get_hw_devices xc7z020_1] 0]
INFO: [Labtools 27-1434] Device xc7z020 (JTAG device index = 1) is programmed with a design that has no supported debug core(s) in it.
set_property PROBES.FILE {} [get_hw_devices xc7z020_1]
set_property FULL_PROBES.FILE {} [get_hw_devices xc7z020_1]
set_property PROGRAM.FILE {C:/Users/lily/Desktop/123/lab3_8254/lab3_8254/lab3_8254.runs/impl_1/S86_top.bit} [get_hw_devices xc7z020_1]
program_hw_devices [get_hw_devices xc7z020_1]
INFO: [Labtools 27-3164] End of startup status: HIGH
refresh_hw_device [lindex [get_hw_devices xc7z020_1] 0]
INFO: [Labtools 27-1434] Device xc7z020 (JTAG device index = 1) is programmed with a design that has no supported debug core(s) in it.
exit
INFO: [Common 17-206] Exiting Vivado at Thu May 21 15:43:36 2026...
