Copyright 1986-2019 Xilinx, Inc. All Rights Reserved.
---------------------------------------------------------------------------------------------------------------
| Tool Version : Vivado v.2019.1 (win64) Build 2552052 Fri May 24 14:49:42 MDT 2019
| Date         : Thu May 21 15:30:08 2026
| Host         : LAPTOP-86LF2T48 running 64-bit major release  (build 9200)
| Command      : report_drc -file S86_top_drc_routed.rpt -pb S86_top_drc_routed.pb -rpx S86_top_drc_routed.rpx
| Design       : S86_top
| Device       : xc7z020clg484-1
| Speed File   : -1
| Design State : Fully Routed
---------------------------------------------------------------------------------------------------------------

Report DRC

Table of Contents
-----------------
1. REPORT SUMMARY
2. REPORT DETAILS

1. REPORT SUMMARY
-----------------
            Netlist: netlist
          Floorplan: design_1
      Design limits: <entire design considered>
           Ruledeck: default
             Max violations: <unlimited>
             Violations found: 22
+-------------+----------+-------------------------------------------------------------+------------+
| Rule        | Severity | Description                                                 | Violations |
+-------------+----------+-------------------------------------------------------------+------------+
| DPIP-1      | Warning  | Input pipelining                                            | 3          |
| DPOP-1      | Warning  | PREG Output pipelining                                      | 1          |
| DPREG-4     | Warning  | DSP48E1_PregDynOpmodeZmuxP:                                 | 1          |
| PDRC-153    | Warning  | Gated clock check                                           | 12         |
| PLCK-20     | Warning  | Clock Placer Checks                                         | 1          |
| PLHOLDVIO-2 | Warning  | Non-Optimal connections which could lead to hold violations | 3          |
| ZPS7-1      | Warning  | PS7 block required                                          | 1          |
+-------------+----------+-------------------------------------------------------------+------------+

2. REPORT DETAILS
-----------------
DPIP-1#1 Warning
Input pipelining  
DSP S86_proc/inst/core/exec/alu/muldiv/signmul17/p_reg input S86_proc/inst/core/exec/alu/muldiv/signmul17/p_reg/A[29:0] is not pipelined. Pipelining DSP48 input will improve performance.
Related violations: <none>

DPIP-1#2 Warning
Input pipelining  
DSP S86_proc/inst/core/exec/alu/muldiv/signmul17/p_reg input S86_proc/inst/core/exec/alu/muldiv/signmul17/p_reg/B[17:0] is not pipelined. Pipelining DSP48 input will improve performance.
Related violations: <none>

DPIP-1#3 Warning
Input pipelining  
DSP S86_proc/inst/core/exec/alu/muldiv/signmul17/p_reg input S86_proc/inst/core/exec/alu/muldiv/signmul17/p_reg/C[47:0] is not pipelined. Pipelining DSP48 input will improve performance.
Related violations: <none>

DPOP-1#1 Warning
PREG Output pipelining  
DSP S86_proc/inst/core/exec/alu/muldiv/signmul17/p_reg output S86_proc/inst/core/exec/alu/muldiv/signmul17/p_reg/P[47:0] is not pipelined (PREG=0). Pipelining the DSP48 output will improve performance and often saves power so it is suggested whenever possible to fully pipeline this function.  If this DSP48 function was inferred, it is suggested to describe an additional register stage after this function.  If the DSP48 was instantiated in the design, it is suggested to set the PREG attribute to 1.
Related violations: <none>

DPREG-4#1 Warning
DSP48E1_PregDynOpmodeZmuxP:  
The DSP48E1 cell S86_proc/inst/core/exec/alu/muldiv/signmul17/p_reg with the given dynamic OPMODE[6:0] connections may lead to an unregistered asynchronous feedback path without the PREG attribute enabled. Please refer to the user guide and if one of the internal P feedback opmodes is possible for this design the PREG attribute must be set to 1, currently set to 0
Related violations: <none>

PDRC-153#1 Warning
Gated clock check  
Net D2/OL_reg[0]_LDC_i_1_n_0 is a gated clock net sourced by a combinational pin D2/OL_reg[0]_LDC_i_1/O, cell D2/OL_reg[0]_LDC_i_1. This is not good design practice and will likely impact performance. For SLICE registers, for example, use the CE pin to control the loading of data.
Related violations: <none>

PDRC-153#2 Warning
Gated clock check  
Net D2/OL_reg[1]_LDC_i_1_n_0 is a gated clock net sourced by a combinational pin D2/OL_reg[1]_LDC_i_1/O, cell D2/OL_reg[1]_LDC_i_1. This is not good design practice and will likely impact performance. For SLICE registers, for example, use the CE pin to control the loading of data.
Related violations: <none>

PDRC-153#3 Warning
Gated clock check  
Net D2/OL_reg[2]_LDC_i_1_n_0 is a gated clock net sourced by a combinational pin D2/OL_reg[2]_LDC_i_1/O, cell D2/OL_reg[2]_LDC_i_1. This is not good design practice and will likely impact performance. For SLICE registers, for example, use the CE pin to control the loading of data.
Related violations: <none>

PDRC-153#4 Warning
Gated clock check  
Net D2/OL_reg[3]_LDC_i_1_n_0 is a gated clock net sourced by a combinational pin D2/OL_reg[3]_LDC_i_1/O, cell D2/OL_reg[3]_LDC_i_1. This is not good design practice and will likely impact performance. For SLICE registers, for example, use the CE pin to control the loading of data.
Related violations: <none>

PDRC-153#5 Warning
Gated clock check  
Net D2/OL_reg[4]_LDC_i_1_n_0 is a gated clock net sourced by a combinational pin D2/OL_reg[4]_LDC_i_1/O, cell D2/OL_reg[4]_LDC_i_1. This is not good design practice and will likely impact performance. For SLICE registers, for example, use the CE pin to control the loading of data.
Related violations: <none>

PDRC-153#6 Warning
Gated clock check  
Net D2/OL_reg[5]_LDC_i_1_n_0 is a gated clock net sourced by a combinational pin D2/OL_reg[5]_LDC_i_1/O, cell D2/OL_reg[5]_LDC_i_1. This is not good design practice and will likely impact performance. For SLICE registers, for example, use the CE pin to control the loading of data.
Related violations: <none>

PDRC-153#7 Warning
Gated clock check  
Net D2/OL_reg[6]_LDC_i_1_n_0 is a gated clock net sourced by a combinational pin D2/OL_reg[6]_LDC_i_1/O, cell D2/OL_reg[6]_LDC_i_1. This is not good design practice and will likely impact performance. For SLICE registers, for example, use the CE pin to control the loading of data.
Related violations: <none>

PDRC-153#8 Warning
Gated clock check  
Net D2/OL_reg[7]_LDC_i_1_n_0 is a gated clock net sourced by a combinational pin D2/OL_reg[7]_LDC_i_1/O, cell D2/OL_reg[7]_LDC_i_1. This is not good design practice and will likely impact performance. For SLICE registers, for example, use the CE pin to control the loading of data.
Related violations: <none>

PDRC-153#9 Warning
Gated clock check  
Net D2/rcounter0 is a gated clock net sourced by a combinational pin D2/od[7]_i_2/O, cell D2/od[7]_i_2. This is not good design practice and will likely impact performance. For SLICE registers, for example, use the CE pin to control the loading of data.
Related violations: <none>

PDRC-153#10 Warning
Gated clock check  
Net D2/rsta_reg[1]_LDC_i_1_n_0 is a gated clock net sourced by a combinational pin D2/rsta_reg[1]_LDC_i_1/O, cell D2/rsta_reg[1]_LDC_i_1. This is not good design practice and will likely impact performance. For SLICE registers, for example, use the CE pin to control the loading of data.
Related violations: <none>

PDRC-153#11 Warning
Gated clock check  
Net D2/wcr is a gated clock net sourced by a combinational pin D2/CRinitflag_i_1/O, cell D2/CRinitflag_i_1. This is not good design practice and will likely impact performance. For SLICE registers, for example, use the CE pin to control the loading of data.
Related violations: <none>

PDRC-153#12 Warning
Gated clock check  
Net D2/wrback is a gated clock net sourced by a combinational pin D2/SL[7]_i_2/O, cell D2/SL[7]_i_2. This is not good design practice and will likely impact performance. For SLICE registers, for example, use the CE pin to control the loading of data.
Related violations: <none>

PLCK-20#1 Warning
Clock Placer Checks  
Sub-optimal placement for a clock-capable IO pin and PLL pair. 
Resolution: A dedicated routing path between the two can be used if: (a) The clock-capable IO (CCIO) is placed on a CCIO capable site (b) The PLL is placed in the same clock region as the CCIO pin. Both the above conditions must be met at the same time, else it may lead to longer and less predictable clock insertion delays.
 This is normally an ERROR but the CLOCK_DEDICATED_ROUTE constraint is set to FALSE allowing your design to continue. The use of this override is highly discouraged as it may lead to very poor timing results. It is recommended that this error condition be corrected in the design.

	CLOCK/inst/clkin1_ibufg (IBUF.O) is locked to AA18
	CLOCK/inst/plle2_adv_inst (PLLE2_ADV.CLKIN1) is provisionally placed by clockplacer on PLLE2_ADV_X1Y0

Related violations: <none>

PLHOLDVIO-2#1 Warning
Non-Optimal connections which could lead to hold violations  
A LUT D2/CRinitflag_i_1 is driving clock pin of 9 cells. This could lead to large hold time violations. Involved cells are:
D2/CR_reg[0], D2/CR_reg[1], D2/CR_reg[2], D2/CR_reg[3], D2/CR_reg[4], D2/CR_reg[5], D2/CR_reg[6], D2/CR_reg[7], D2/CRinitflag_reg
Related violations: <none>

PLHOLDVIO-2#2 Warning
Non-Optimal connections which could lead to hold violations  
A LUT D2/SL[7]_i_2 is driving clock pin of 27 cells. This could lead to large hold time violations. Involved cells are:
D2/OL_reg[0]_C, D2/OL_reg[0]_P, D2/OL_reg[1]_C, D2/OL_reg[1]_P, D2/OL_reg[2]_C, D2/OL_reg[2]_P, D2/OL_reg[3]_C, D2/OL_reg[3]_P, D2/OL_reg[4]_C, D2/OL_reg[4]_P, D2/OL_reg[5]_C, D2/OL_reg[5]_P, D2/OL_reg[6]_C, D2/OL_reg[6]_P, D2/OL_reg[7]_C (the first 15 of 27 listed)
Related violations: <none>

PLHOLDVIO-2#3 Warning
Non-Optimal connections which could lead to hold violations  
A LUT D2/od[7]_i_2 is driving clock pin of 9 cells. This could lead to large hold time violations. Involved cells are:
D2/od_reg[0], D2/od_reg[1], D2/od_reg[2], D2/od_reg[3], D2/od_reg[4], D2/od_reg[5], D2/od_reg[6], D2/od_reg[7], D2/rstaflag_reg
Related violations: <none>

ZPS7-1#1 Warning
PS7 block required  
The PS7 cell must be used in this Zynq design in order to enable correct default configuration.
Related violations: <none>


